Build started 16.03.2021 13:37:46.
     1>Project "C:\Users\Alexandra Andrei\Desktop\poo\lab 5-6\lab 5-6\lab 5-6.vcxproj" on node 2 (Build target(s)).
     1>ClCompile:
         C:\Program Files (x86)\Microsoft Visual Studio 11.0\VC\bin\CL.exe /c /ZI /nologo /W3 /WX- /sdl /Od /Oy- /D WIN32 /D _DEBUG /D _CONSOLE /D _UNICODE /D UNICODE /Gm /EHsc /RTC1 /MDd /GS /fp:precise /Zc:wchar_t /Zc:forScope /Yu"stdafx.h" /Fp"Debug\lab 5-6.pch" /Fo"Debug\\" /Fd"Debug\vc110.pdb" /Gd /TP /analyze- /errorReport:prompt "lab 5-6.cpp"
         lab 5-6.cpp
     1>c:\users\alexandra andrei\desktop\poo\lab 5-6\lab 5-6\lab 5-6.cpp(9): fatal error C1083: Cannot open include file: 'opencv2.hpp': No such file or directory
     1>Done Building Project "C:\Users\Alexandra Andrei\Desktop\poo\lab 5-6\lab 5-6\lab 5-6.vcxproj" (Build target(s)) -- FAILED.

Build FAILED.

Time Elapsed 00:00:00.74
